# JRE version: OpenJDK Runtime Environment (17.0.11) (build 17.0.11+0--11852314)
# Java VM: OpenJDK 64-Bit Server VM (17.0.11+0--11852314, mixed mode, tiered, compressed oops, compressed class ptrs, g1 gc, windows-amd64)
GC Precious Log:
 CPUs: 8 total, 8 available
 Memory: 24430M
 Large Page Support: Disabled
 NUMA Support: Disabled
 Compressed Oops: Enabled (32-bit)
 Heap Region Size: 1M
 Heap Min Capacity: 8M
 Heap Initial Capacity: 382M
 Heap Max Capacity: 2G
 Pre-touch: Disabled
 Parallel Workers: 8
 Concurrent Workers: 2
 Concurrent Refinement Workers: 8
 Periodic GC: Disabled
Heap:
 garbage-first heap   total 73728K, used 56007K [0x0000000080000000, 0x0000000100000000)
  region size 1024K, 17 young (17408K), 1 survivors (1024K)
 Metaspace       used 45947K, committed 46400K, reserved 1114112K
  class space    used 6208K, committed 6400K, reserved 1048576K
GC Heap History (20 events):
Event: 0.644 GC heap before
{Heap before GC invocations=0 (full 0):
 garbage-first heap   total 391168K, used 26624K [0x0000000080000000, 0x0000000100000000)
  region size 1024K, 23 young (23552K), 0 survivors (0K)
 Metaspace       used 10401K, committed 10560K, reserved 1114112K
  class space    used 1079K, committed 1152K, reserved 1048576K
}
Event: 0.648 GC heap after
{Heap after GC invocations=1 (full 0):
 garbage-first heap   total 391168K, used 10572K [0x0000000080000000, 0x0000000100000000)
  region size 1024K, 3 young (3072K), 3 survivors (3072K)
 Metaspace       used 10401K, committed 10560K, reserved 1114112K
  class space    used 1079K, committed 1152K, reserved 1048576K
}
Event: 1.183 GC heap before
{Heap before GC invocations=1 (full 0):
 garbage-first heap   total 391168K, used 39244K [0x0000000080000000, 0x0000000100000000)
  region size 1024K, 31 young (31744K), 3 survivors (3072K)
 Metaspace       used 11457K, committed 11648K, reserved 1114112K
  class space    used 1198K, committed 1280K, reserved 1048576K
}
Event: 1.186 GC heap after
{Heap after GC invocations=2 (full 0):
 garbage-first heap   total 391168K, used 11507K [0x0000000080000000, 0x0000000100000000)
  region size 1024K, 1 young (1024K), 1 survivors (1024K)
 Metaspace       used 11457K, committed 11648K, reserved 1114112K
  class space    used 1198K, committed 1280K, reserved 1048576K
}
Event: 2.099 GC heap before
{Heap before GC invocations=2 (full 0):
 garbage-first heap   total 391168K, used 61683K [0x0000000080000000, 0x0000000100000000)
  region size 1024K, 50 young (51200K), 1 survivors (1024K)
 Metaspace       used 21317K, committed 21504K, reserved 1114112K
  class space    used 2506K, committed 2624K, reserved 1048576K
}
Event: 2.104 GC heap after
{Heap after GC invocations=3 (full 0):
 garbage-first heap   total 391168K, used 19224K [0x0000000080000000, 0x0000000100000000)
  region size 1024K, 9 young (9216K), 9 survivors (9216K)
 Metaspace       used 21317K, committed 21504K, reserved 1114112K
  class space    used 2506K, committed 2624K, reserved 1048576K
}
Event: 2.587 GC heap before
{Heap before GC invocations=4 (full 0):
 garbage-first heap   total 71680K, used 53016K [0x0000000080000000, 0x0000000100000000)
  region size 1024K, 42 young (43008K), 9 survivors (9216K)
 Metaspace       used 26231K, committed 26496K, reserved 1114112K
  class space    used 3346K, committed 3456K, reserved 1048576K
}
Event: 2.592 GC heap after
{Heap after GC invocations=5 (full 0):
 garbage-first heap   total 71680K, used 21178K [0x0000000080000000, 0x0000000100000000)
  region size 1024K, 2 young (2048K), 2 survivors (2048K)
 Metaspace       used 26231K, committed 26496K, reserved 1114112K
  class space    used 3346K, committed 3456K, reserved 1048576K
}
Event: 3.011 GC heap before
{Heap before GC invocations=5 (full 0):
 garbage-first heap   total 71680K, used 49850K [0x0000000080000000, 0x0000000100000000)
  region size 1024K, 31 young (31744K), 2 survivors (2048K)
 Metaspace       used 30352K, committed 30656K, reserved 1114112K
  class space    used 4016K, committed 4160K, reserved 1048576K
}
Event: 3.014 GC heap after
{Heap after GC invocations=6 (full 0):
 garbage-first heap   total 71680K, used 22687K [0x0000000080000000, 0x0000000100000000)
  region size 1024K, 4 young (4096K), 4 survivors (4096K)
 Metaspace       used 30352K, committed 30656K, reserved 1114112K
  class space    used 4016K, committed 4160K, reserved 1048576K
}
Event: 3.451 GC heap before
{Heap before GC invocations=6 (full 0):
 garbage-first heap   total 71680K, used 53407K [0x0000000080000000, 0x0000000100000000)
  region size 1024K, 33 young (33792K), 4 survivors (4096K)
 Metaspace       used 35404K, committed 35712K, reserved 1114112K
  class space    used 4622K, committed 4736K, reserved 1048576K
}
Event: 3.455 GC heap after
{Heap after GC invocations=7 (full 0):
 garbage-first heap   total 71680K, used 23898K [0x0000000080000000, 0x0000000100000000)
  region size 1024K, 3 young (3072K), 3 survivors (3072K)
 Metaspace       used 35404K, committed 35712K, reserved 1114112K
  class space    used 4622K, committed 4736K, reserved 1048576K
}
Event: 3.479 GC heap before
{Heap before GC invocations=7 (full 0):
 garbage-first heap   total 71680K, used 24922K [0x0000000080000000, 0x0000000100000000)
  region size 1024K, 6 young (6144K), 3 survivors (3072K)
 Metaspace       used 35803K, committed 36096K, reserved 1114112K
  class space    used 4661K, committed 4800K, reserved 1048576K
}
Event: 3.481 GC heap after
{Heap after GC invocations=8 (full 0):
 garbage-first heap   total 71680K, used 24112K [0x0000000080000000, 0x0000000100000000)
  region size 1024K, 2 young (2048K), 2 survivors (2048K)
 Metaspace       used 35803K, committed 36096K, reserved 1114112K
  class space    used 4661K, committed 4800K, reserved 1048576K
}
Event: 4.041 GC heap before
{Heap before GC invocations=9 (full 0):
 garbage-first heap   total 71680K, used 56880K [0x0000000080000000, 0x0000000100000000)
  region size 1024K, 32 young (32768K), 2 survivors (2048K)
 Metaspace       used 39045K, committed 39360K, reserved 1114112K
  class space    used 5115K, committed 5248K, reserved 1048576K
}
Event: 4.044 GC heap after
{Heap after GC invocations=10 (full 0):
 garbage-first heap   total 71680K, used 31176K [0x0000000080000000, 0x0000000100000000)
  region size 1024K, 4 young (4096K), 4 survivors (4096K)
 Metaspace       used 39045K, committed 39360K, reserved 1114112K
  class space    used 5115K, committed 5248K, reserved 1048576K
}
Event: 4.480 GC heap before
{Heap before GC invocations=10 (full 0):
 garbage-first heap   total 71680K, used 59848K [0x0000000080000000, 0x0000000100000000)
  region size 1024K, 28 young (28672K), 4 survivors (4096K)
 Metaspace       used 41562K, committed 41984K, reserved 1114112K
  class space    used 5534K, committed 5696K, reserved 1048576K
}
Event: 4.483 GC heap after
{Heap after GC invocations=11 (full 0):
 garbage-first heap   total 71680K, used 39715K [0x0000000080000000, 0x0000000100000000)
  region size 1024K, 4 young (4096K), 4 survivors (4096K)
 Metaspace       used 41562K, committed 41984K, reserved 1114112K
  class space    used 5534K, committed 5696K, reserved 1048576K
}
Event: 4.673 GC heap before
{Heap before GC invocations=11 (full 0):
 garbage-first heap   total 71680K, used 56099K [0x0000000080000000, 0x0000000100000000)
  region size 1024K, 20 young (20480K), 4 survivors (4096K)
 Metaspace       used 43596K, committed 43968K, reserved 1114112K
  class space    used 5849K, committed 6016K, reserved 1048576K
}
Event: 4.676 GC heap after
{Heap after GC invocations=12 (full 0):
 garbage-first heap   total 71680K, used 40647K [0x0000000080000000, 0x0000000100000000)
  region size 1024K, 1 young (1024K), 1 survivors (1024K)
 Metaspace       used 43596K, committed 43968K, reserved 1114112K
  class space    used 5849K, committed 6016K, reserved 1048576K
}

